[INFO  - 2016-06-22T22:24:14.510Z] GhostDriver - Main - running on port 43402
[INFO  - 2016-06-22T22:24:14.816Z] Session [0d3d3ab0-38c8-11e6-a7d7-95eed4bfc967] - page.settings - {"XSSAuditingEnabled":false,"javascriptCanCloseWindows":true,"javascriptCanOpenWindows":true,"javascriptEnabled":true,"loadImages":true,"localToRemoteUrlAccessEnabled":false,"userAgent":"Mozilla/5.0 (Windows NT 6.2; WOW64) AppleWebKit/538.1 (KHTML, like Gecko) PhantomJS/2.1.1 Safari/538.1","webSecurityEnabled":true}
[INFO  - 2016-06-22T22:24:14.816Z] Session [0d3d3ab0-38c8-11e6-a7d7-95eed4bfc967] - page.customHeaders:  - {}
[INFO  - 2016-06-22T22:24:14.816Z] Session [0d3d3ab0-38c8-11e6-a7d7-95eed4bfc967] - Session.negotiatedCapabilities - {"browserName":"phantomjs","version":"2.1.1","driverName":"ghostdriver","driverVersion":"1.2.0","platform":"windows-10-32bit","javascriptEnabled":true,"takesScreenshot":true,"handlesAlerts":false,"databaseEnabled":false,"locationContextEnabled":false,"applicationCacheEnabled":false,"browserConnectionEnabled":false,"cssSelectorsEnabled":true,"webStorageEnabled":false,"rotatable":false,"acceptSslCerts":false,"nativeEvents":true,"proxy":{"proxyType":"direct"}}
[INFO  - 2016-06-22T22:24:14.816Z] SessionManagerReqHand - _postNewSessionCommand - New Session Created: 0d3d3ab0-38c8-11e6-a7d7-95eed4bfc967
[INFO  - 2016-06-22T22:24:18.374Z] ShutdownReqHand - _handle - About to shutdown
[INFO  - 2016-06-22T22:27:16.423Z] GhostDriver - Main - running on port 5207
[INFO  - 2016-06-22T22:27:16.733Z] Session [79abb690-38c8-11e6-a2fb-9576b2f839ee] - page.settings - {"XSSAuditingEnabled":false,"javascriptCanCloseWindows":true,"javascriptCanOpenWindows":true,"javascriptEnabled":true,"loadImages":true,"localToRemoteUrlAccessEnabled":false,"userAgent":"Mozilla/5.0 (Windows NT 6.2; WOW64) AppleWebKit/538.1 (KHTML, like Gecko) PhantomJS/2.1.1 Safari/538.1","webSecurityEnabled":true}
[INFO  - 2016-06-22T22:27:16.733Z] Session [79abb690-38c8-11e6-a2fb-9576b2f839ee] - page.customHeaders:  - {}
[INFO  - 2016-06-22T22:27:16.734Z] Session [79abb690-38c8-11e6-a2fb-9576b2f839ee] - Session.negotiatedCapabilities - {"browserName":"phantomjs","version":"2.1.1","driverName":"ghostdriver","driverVersion":"1.2.0","platform":"windows-10-32bit","javascriptEnabled":true,"takesScreenshot":true,"handlesAlerts":false,"databaseEnabled":false,"locationContextEnabled":false,"applicationCacheEnabled":false,"browserConnectionEnabled":false,"cssSelectorsEnabled":true,"webStorageEnabled":false,"rotatable":false,"acceptSslCerts":false,"nativeEvents":true,"proxy":{"proxyType":"direct"}}
[INFO  - 2016-06-22T22:27:16.734Z] SessionManagerReqHand - _postNewSessionCommand - New Session Created: 79abb690-38c8-11e6-a2fb-9576b2f839ee
[INFO  - 2016-06-22T22:27:21.828Z] ShutdownReqHand - _handle - About to shutdown
[INFO  - 2016-06-22T22:31:49.493Z] GhostDriver - Main - running on port 43841
[INFO  - 2016-06-22T22:31:49.749Z] Session [1c6630e0-38c9-11e6-814f-b159691bc76f] - page.settings - {"XSSAuditingEnabled":false,"javascriptCanCloseWindows":true,"javascriptCanOpenWindows":true,"javascriptEnabled":true,"loadImages":true,"localToRemoteUrlAccessEnabled":false,"userAgent":"Mozilla/5.0 (Windows NT 6.2; WOW64) AppleWebKit/538.1 (KHTML, like Gecko) PhantomJS/2.1.1 Safari/538.1","webSecurityEnabled":true}
[INFO  - 2016-06-22T22:31:49.749Z] Session [1c6630e0-38c9-11e6-814f-b159691bc76f] - page.customHeaders:  - {}
[INFO  - 2016-06-22T22:31:49.750Z] Session [1c6630e0-38c9-11e6-814f-b159691bc76f] - Session.negotiatedCapabilities - {"browserName":"phantomjs","version":"2.1.1","driverName":"ghostdriver","driverVersion":"1.2.0","platform":"windows-10-32bit","javascriptEnabled":true,"takesScreenshot":true,"handlesAlerts":false,"databaseEnabled":false,"locationContextEnabled":false,"applicationCacheEnabled":false,"browserConnectionEnabled":false,"cssSelectorsEnabled":true,"webStorageEnabled":false,"rotatable":false,"acceptSslCerts":false,"nativeEvents":true,"proxy":{"proxyType":"direct"}}
[INFO  - 2016-06-22T22:31:49.750Z] SessionManagerReqHand - _postNewSessionCommand - New Session Created: 1c6630e0-38c9-11e6-814f-b159691bc76f
[INFO  - 2016-06-22T22:32:08.007Z] GhostDriver - Main - running on port 41352
[INFO  - 2016-06-22T22:32:08.274Z] Session [277156e0-38c9-11e6-9b3f-1dd5efce2e0e] - page.settings - {"XSSAuditingEnabled":false,"javascriptCanCloseWindows":true,"javascriptCanOpenWindows":true,"javascriptEnabled":true,"loadImages":true,"localToRemoteUrlAccessEnabled":false,"userAgent":"Mozilla/5.0 (Windows NT 6.2; WOW64) AppleWebKit/538.1 (KHTML, like Gecko) PhantomJS/2.1.1 Safari/538.1","webSecurityEnabled":true}
[INFO  - 2016-06-22T22:32:08.275Z] Session [277156e0-38c9-11e6-9b3f-1dd5efce2e0e] - page.customHeaders:  - {}
[INFO  - 2016-06-22T22:32:08.275Z] Session [277156e0-38c9-11e6-9b3f-1dd5efce2e0e] - Session.negotiatedCapabilities - {"browserName":"phantomjs","version":"2.1.1","driverName":"ghostdriver","driverVersion":"1.2.0","platform":"windows-10-32bit","javascriptEnabled":true,"takesScreenshot":true,"handlesAlerts":false,"databaseEnabled":false,"locationContextEnabled":false,"applicationCacheEnabled":false,"browserConnectionEnabled":false,"cssSelectorsEnabled":true,"webStorageEnabled":false,"rotatable":false,"acceptSslCerts":false,"nativeEvents":true,"proxy":{"proxyType":"direct"}}
[INFO  - 2016-06-22T22:32:08.275Z] SessionManagerReqHand - _postNewSessionCommand - New Session Created: 277156e0-38c9-11e6-9b3f-1dd5efce2e0e
[INFO  - 2016-06-22T22:32:25.251Z] ShutdownReqHand - _handle - About to shutdown
[INFO  - 2016-06-22T22:33:06.519Z] GhostDriver - Main - running on port 38572
[INFO  - 2016-06-22T22:33:06.786Z] Session [4a5168d0-38c9-11e6-ba4e-7dc415d73b5f] - page.settings - {"XSSAuditingEnabled":false,"javascriptCanCloseWindows":true,"javascriptCanOpenWindows":true,"javascriptEnabled":true,"loadImages":true,"localToRemoteUrlAccessEnabled":false,"userAgent":"Mozilla/5.0 (Windows NT 6.2; WOW64) AppleWebKit/538.1 (KHTML, like Gecko) PhantomJS/2.1.1 Safari/538.1","webSecurityEnabled":true}
[INFO  - 2016-06-22T22:33:06.786Z] Session [4a5168d0-38c9-11e6-ba4e-7dc415d73b5f] - page.customHeaders:  - {}
[INFO  - 2016-06-22T22:33:06.786Z] Session [4a5168d0-38c9-11e6-ba4e-7dc415d73b5f] - Session.negotiatedCapabilities - {"browserName":"phantomjs","version":"2.1.1","driverName":"ghostdriver","driverVersion":"1.2.0","platform":"windows-10-32bit","javascriptEnabled":true,"takesScreenshot":true,"handlesAlerts":false,"databaseEnabled":false,"locationContextEnabled":false,"applicationCacheEnabled":false,"browserConnectionEnabled":false,"cssSelectorsEnabled":true,"webStorageEnabled":false,"rotatable":false,"acceptSslCerts":false,"nativeEvents":true,"proxy":{"proxyType":"direct"}}
[INFO  - 2016-06-22T22:33:06.786Z] SessionManagerReqHand - _postNewSessionCommand - New Session Created: 4a5168d0-38c9-11e6-ba4e-7dc415d73b5f
[INFO  - 2016-06-22T22:33:08.603Z] ShutdownReqHand - _handle - About to shutdown
